TN:
SF:/Users/takeharu/Projects/Tests/Gcov-test/Judge.cpp
FN:1,_Z9judgeEveni
FNDA:2,_Z9judgeEveni
FNF:1
FNH:1
DA:1,2
DA:2,2
DA:3,1
DA:5,1
DA:6,2
LF:5
LH:5
end_of_record
SF:/Users/takeharu/Projects/Tests/Gcov-test/Test.cpp
FN:5,_ZN29CheckJudgeEven_OneIsBack_TestC2Ev
FN:5,_ZN29CheckJudgeEven_OneIsBack_TestC1Ev
FN:5,_ZN29CheckJudgeEven_OneIsBack_TestD2Ev
FN:5,_ZN29CheckJudgeEven_OneIsBack_TestD0Ev
FN:5,__cxx_global_var_init
FN:5,_ZN29CheckJudgeEven_OneIsBack_Test8TestBodyEv
FN:5,_ZN29CheckJudgeEven_OneIsBack_TestD1Ev
FN:9,_ZN30CheckJudgeEven_zeroIsBack_TestD2Ev
FN:9,_ZN30CheckJudgeEven_zeroIsBack_TestC2Ev
FN:9,_ZN30CheckJudgeEven_zeroIsBack_TestD0Ev
FN:9,__cxx_global_var_init.5
FN:9,_ZN30CheckJudgeEven_zeroIsBack_TestD1Ev
FN:9,_ZN30CheckJudgeEven_zeroIsBack_TestC1Ev
FN:9,_ZN30CheckJudgeEven_zeroIsBack_Test8TestBodyEv
FN:13,main
FNDA:1,__cxx_global_var_init
FNDA:1,_ZN29CheckJudgeEven_OneIsBack_Test8TestBodyEv
FNDA:1,_ZN29CheckJudgeEven_OneIsBack_TestD1Ev
FNDA:1,_ZN29CheckJudgeEven_OneIsBack_TestD0Ev
FNDA:1,_ZN29CheckJudgeEven_OneIsBack_TestC1Ev
FNDA:1,_ZN29CheckJudgeEven_OneIsBack_TestC2Ev
FNDA:1,_ZN29CheckJudgeEven_OneIsBack_TestD2Ev
FNDA:1,__cxx_global_var_init.5
FNDA:1,_ZN30CheckJudgeEven_zeroIsBack_Test8TestBodyEv
FNDA:1,_ZN30CheckJudgeEven_zeroIsBack_TestD1Ev
FNDA:1,_ZN30CheckJudgeEven_zeroIsBack_TestD0Ev
FNDA:1,_ZN30CheckJudgeEven_zeroIsBack_TestC1Ev
FNDA:1,_ZN30CheckJudgeEven_zeroIsBack_TestC2Ev
FNDA:1,_ZN30CheckJudgeEven_zeroIsBack_TestD2Ev
FNDA:1,main
FNF:15
FNH:15
DA:5,7
DA:6,1
DA:7,1
DA:9,7
DA:10,1
DA:11,1
DA:13,1
DA:14,1
DA:15,1
LF:9
LH:9
end_of_record
SF:/Applications/Xcode.app/Contents/Developer/Toolchains/XcodeDefault.xctoolchain/usr/include/c++/v1/__locale
FN:248,_ZNSt3__1L9use_facetINS_5ctypeIcEEEERKT_RKNS_6localeE
FN:679,_ZNKSt3__15ctypeIcE5widenEc
FNDA:41,_ZNSt3__1L9use_facetINS_5ctypeIcEEEERKT_RKNS_6localeE
FNDA:41,_ZNKSt3__15ctypeIcE5widenEc
FNF:2
FNH:2
DA:248,41
DA:250,41
DA:679,41
DA:681,41
LF:4
LH:4
end_of_record
SF:/Applications/Xcode.app/Contents/Developer/Toolchains/XcodeDefault.xctoolchain/usr/include/c++/v1/__string
FN:208,_ZNSt3__111char_traitsIcE6assignERcRKc
FN:209,_ZNSt3__111char_traitsIcE2eqEcc
FN:217,_ZNSt3__111char_traitsIcE6lengthEPKc
FN:230,_ZNSt3__111char_traitsIcE7not_eofEi
FN:232,_ZNSt3__111char_traitsIcE12to_char_typeEi
FN:234,_ZNSt3__111char_traitsIcE11to_int_typeEc
FN:236,_ZNSt3__111char_traitsIcE11eq_int_typeEii
FN:238,_ZNSt3__111char_traitsIcE3eofEv
FNDA:813,_ZNSt3__111char_traitsIcE6assignERcRKc
FNDA:0,_ZNSt3__111char_traitsIcE2eqEcc
FNDA:72,_ZNSt3__111char_traitsIcE6lengthEPKc
FNDA:0,_ZNSt3__111char_traitsIcE7not_eofEi
FNDA:60,_ZNSt3__111char_traitsIcE12to_char_typeEi
FNDA:60,_ZNSt3__111char_traitsIcE11to_int_typeEc
FNDA:473,_ZNSt3__111char_traitsIcE11eq_int_typeEii
FNDA:525,_ZNSt3__111char_traitsIcE3eofEv
FNF:8
FNH:6
DA:208,813
DA:209,0
DA:210,0
DA:217,72
DA:230,0
DA:231,0
DA:232,60
DA:233,60
DA:234,60
DA:235,60
DA:236,473
DA:237,473
DA:238,525
DA:239,525
LF:14
LH:10
end_of_record
SF:/Applications/Xcode.app/Contents/Developer/Toolchains/XcodeDefault.xctoolchain/usr/include/c++/v1/algorithm
FN:715,_ZNKSt3__16__lessIPcS1_EclERKS1_S4_
FN:2596,_ZNSt3__1L3maxIPcNS_6__lessIS1_S1_EEEERKT_S6_S6_T0_
FN:2605,_ZNSt3__1L3maxIPcEERKT_S4_S4_
FNDA:60,_ZNKSt3__16__lessIPcS1_EclERKS1_S4_
FNDA:60,_ZNSt3__1L3maxIPcNS_6__lessIS1_S1_EEEERKT_S6_S6_T0_
FNDA:60,_ZNSt3__1L3maxIPcEERKT_S4_S4_
FNF:3
FNH:3
DA:715,60
DA:2596,60
DA:2598,60
DA:2605,60
DA:2607,60
LF:5
LH:5
end_of_record
SF:/usr/local/include/gtest/internal/gtest-internal.h
FN:454,_ZN7testing8internal15TestFactoryBaseD1Ev
FN:454,_ZN7testing8internal15TestFactoryBaseD2Ev
FN:454,_ZN7testing8internal15TestFactoryBaseD0Ev
FN:461,_ZN7testing8internal15TestFactoryBaseC2Ev
FN:470,_ZN7testing8internal15TestFactoryImplI30CheckJudgeEven_zeroIsBack_TestED2Ev
FN:470,_ZN7testing8internal15TestFactoryImplI30CheckJudgeEven_zeroIsBack_TestEC2Ev
FN:470,_ZN7testing8internal15TestFactoryImplI29CheckJudgeEven_OneIsBack_TestED1Ev
FN:470,_ZN7testing8internal15TestFactoryImplI29CheckJudgeEven_OneIsBack_TestED0Ev
FN:470,_ZN7testing8internal15TestFactoryImplI29CheckJudgeEven_OneIsBack_TestED2Ev
FN:470,_ZN7testing8internal15TestFactoryImplI30CheckJudgeEven_zeroIsBack_TestED0Ev
FN:470,_ZN7testing8internal15TestFactoryImplI29CheckJudgeEven_OneIsBack_TestEC2Ev
FN:470,_ZN7testing8internal15TestFactoryImplI30CheckJudgeEven_zeroIsBack_TestEC1Ev
FN:470,_ZN7testing8internal15TestFactoryImplI30CheckJudgeEven_zeroIsBack_TestED1Ev
FN:470,_ZN7testing8internal15TestFactoryImplI29CheckJudgeEven_OneIsBack_TestEC1Ev
FN:472,_ZN7testing8internal15TestFactoryImplI29CheckJudgeEven_OneIsBack_TestE10CreateTestEv
FN:472,_ZN7testing8internal15TestFactoryImplI30CheckJudgeEven_zeroIsBack_TestE10CreateTestEv
FN:492,_ZN7testing8internal12CodeLocationD2Ev
FN:492,_ZN7testing8internal12CodeLocationD1Ev
FN:493,_ZN7testing8internal12CodeLocationC1ERKNSt3__112basic_stringIcNS2_11char_traitsIcEENS2_9allocatorIcEEEEi
FN:493,_ZN7testing8internal12CodeLocationC2ERKNSt3__112basic_stringIcNS2_11char_traitsIcEENS2_9allocatorIcEEEEi
FN:506,_ZN7testing8internal19GetNotDefaultOrNullEPFvvES2_
FN:521,_ZN7testing8internal16SuiteApiResolverINS_4TestEE19GetSetUpCaseOrSuiteEPKci
FN:542,_ZN7testing8internal16SuiteApiResolverINS_4TestEE22GetTearDownCaseOrSuiteEPKci
FNDA:0,_ZN7testing8internal15TestFactoryBaseD1Ev
FNDA:0,_ZN7testing8internal15TestFactoryBaseD0Ev
FNDA:2,_ZN7testing8internal15TestFactoryBaseD2Ev
FNDA:2,_ZN7testing8internal15TestFactoryBaseC2Ev
FNDA:1,_ZN7testing8internal15TestFactoryImplI29CheckJudgeEven_OneIsBack_TestEC1Ev
FNDA:1,_ZN7testing8internal15TestFactoryImplI30CheckJudgeEven_zeroIsBack_TestEC1Ev
FNDA:1,_ZN7testing8internal15TestFactoryImplI29CheckJudgeEven_OneIsBack_TestEC2Ev
FNDA:1,_ZN7testing8internal15TestFactoryImplI29CheckJudgeEven_OneIsBack_TestED1Ev
FNDA:1,_ZN7testing8internal15TestFactoryImplI29CheckJudgeEven_OneIsBack_TestED0Ev
FNDA:1,_ZN7testing8internal15TestFactoryImplI29CheckJudgeEven_OneIsBack_TestED2Ev
FNDA:1,_ZN7testing8internal15TestFactoryImplI30CheckJudgeEven_zeroIsBack_TestEC2Ev
FNDA:1,_ZN7testing8internal15TestFactoryImplI30CheckJudgeEven_zeroIsBack_TestED1Ev
FNDA:1,_ZN7testing8internal15TestFactoryImplI30CheckJudgeEven_zeroIsBack_TestED0Ev
FNDA:1,_ZN7testing8internal15TestFactoryImplI30CheckJudgeEven_zeroIsBack_TestED2Ev
FNDA:1,_ZN7testing8internal15TestFactoryImplI29CheckJudgeEven_OneIsBack_TestE10CreateTestEv
FNDA:1,_ZN7testing8internal15TestFactoryImplI30CheckJudgeEven_zeroIsBack_TestE10CreateTestEv
FNDA:6,_ZN7testing8internal12CodeLocationD1Ev
FNDA:6,_ZN7testing8internal12CodeLocationD2Ev
FNDA:2,_ZN7testing8internal12CodeLocationC1ERKNSt3__112basic_stringIcNS2_11char_traitsIcEENS2_9allocatorIcEEEEi
FNDA:2,_ZN7testing8internal12CodeLocationC2ERKNSt3__112basic_stringIcNS2_11char_traitsIcEENS2_9allocatorIcEEEEi
FNDA:8,_ZN7testing8internal19GetNotDefaultOrNullEPFvvES2_
FNDA:2,_ZN7testing8internal16SuiteApiResolverINS_4TestEE19GetSetUpCaseOrSuiteEPKci
FNDA:2,_ZN7testing8internal16SuiteApiResolverINS_4TestEE22GetTearDownCaseOrSuiteEPKci
FNF:23
FNH:21
DA:454,2
DA:461,2
DA:470,10
DA:472,2
DA:492,12
DA:493,4
DA:494,4
DA:506,8
DA:508,8
DA:521,2
DA:524,2
DA:525,2
DA:526,2
DA:527,2
DA:529,2
DA:530,0
DA:532,0
DA:534,2
DA:540,0
DA:542,2
DA:545,2
DA:546,2
DA:547,2
DA:548,2
DA:550,2
DA:551,0
DA:553,0
DA:555,2
DA:561,0
LF:29
LH:23
end_of_record
SF:/usr/local/include/gtest/gtest-message.h
FN:91,_ZN7testing7MessageD1Ev
FN:91,_ZN7testing7MessageD2Ev
FNDA:52,_ZN7testing7MessageD1Ev
FNDA:52,_ZN7testing7MessageD2Ev
FNF:2
FNH:2
DA:91,104
LF:1
LH:1
end_of_record
SF:/usr/local/include/gtest/internal/gtest-port.h
FN:970,_ZN7testing8internal8GTestLog9GetStreamEv
FNDA:0,_ZN7testing8internal8GTestLog9GetStreamEv
FNF:1
FNH:0
DA:970,0
LF:1
LH:0
end_of_record
SF:/usr/local/include/gtest/gtest-printers.h
FN:227,_ZN7testing8internal13StreamPrinter10PrintValueIivEEvRKT_PNSt3__113basic_ostreamIcNS6_11char_traitsIcEEEE
FN:307,_ZN7testing8internal17PrintWithFallbackIiEEvRKT_PNSt3__113basic_ostreamIcNS5_11char_traitsIcEEEE
FN:333,_ZN7testing8internal19FormatForComparisonIiiE6FormatERKi
FN:413,_ZN7testing8internal33FormatForComparisonFailureMessageIiiEENSt3__112basic_stringIcNS2_11char_traitsIcEENS2_9allocatorIcEEEERKT_RKT0_
FN:440,_ZN7testing8internal7PrintToIiEEvRKT_PNSt3__113basic_ostreamIcNS5_11char_traitsIcEEEE
FN:628,_ZN7testing8internal16UniversalPrinterIiE5PrintERKiPNSt3__113basic_ostreamIcNS5_11char_traitsIcEEEE
FN:792,_ZN7testing8internal21UniversalTersePrinterIiE5PrintERKiPNSt3__113basic_ostreamIcNS5_11char_traitsIcEEEE
FN:861,_ZN7testing8internal14UniversalPrintIiEEvRKT_PNSt3__113basic_ostreamIcNS5_11char_traitsIcEEEE
FN:901,_ZN7testing13PrintToStringIiEENSt3__112basic_stringIcNS1_11char_traitsIcEENS1_9allocatorIcEEEERKT_
FNDA:0,_ZN7testing8internal13StreamPrinter10PrintValueIivEEvRKT_PNSt3__113basic_ostreamIcNS6_11char_traitsIcEEEE
FNDA:0,_ZN7testing8internal17PrintWithFallbackIiEEvRKT_PNSt3__113basic_ostreamIcNS5_11char_traitsIcEEEE
FNDA:0,_ZN7testing8internal19FormatForComparisonIiiE6FormatERKi
FNDA:0,_ZN7testing8internal33FormatForComparisonFailureMessageIiiEENSt3__112basic_stringIcNS2_11char_traitsIcEENS2_9allocatorIcEEEERKT_RKT0_
FNDA:0,_ZN7testing8internal7PrintToIiEEvRKT_PNSt3__113basic_ostreamIcNS5_11char_traitsIcEEEE
FNDA:0,_ZN7testing8internal16UniversalPrinterIiE5PrintERKiPNSt3__113basic_ostreamIcNS5_11char_traitsIcEEEE
FNDA:0,_ZN7testing8internal21UniversalTersePrinterIiE5PrintERKiPNSt3__113basic_ostreamIcNS5_11char_traitsIcEEEE
FNDA:0,_ZN7testing8internal14UniversalPrintIiEEvRKT_PNSt3__113basic_ostreamIcNS5_11char_traitsIcEEEE
FNDA:0,_ZN7testing13PrintToStringIiEENSt3__112basic_stringIcNS1_11char_traitsIcEENS1_9allocatorIcEEEERKT_
FNF:9
FNH:0
DA:227,0
DA:228,0
DA:229,0
DA:307,0
DA:312,0
DA:313,0
DA:333,0
DA:334,0
DA:413,0
DA:415,0
DA:440,0
DA:441,0
DA:442,0
DA:628,0
DA:637,0
DA:638,0
DA:792,0
DA:793,0
DA:794,0
DA:861,0
DA:865,0
DA:866,0
DA:901,0
DA:902,0
DA:903,0
DA:904,0
DA:905,0
LF:27
LH:0
end_of_record
SF:/usr/local/include/gtest/gtest.h
FN:283,_ZN7testing15AssertionResultD2Ev
FN:283,_ZN7testing15AssertionResultD1Ev
FN:324,_ZNK7testing15AssertionResultcvbEv
FN:333,_ZNK7testing15AssertionResult7messageEv
FN:337,_ZNK7testing15AssertionResult15failure_messageEv
FN:427,_ZN7testing4Test14SetUpTestSuiteEv
FN:435,_ZN7testing4Test17TearDownTestSuiteEv
FN:439,_ZN7testing4Test16TearDownTestCaseEv
FN:440,_ZN7testing4Test13SetUpTestCaseEv
FN:521,_ZN7testing4Test5SetupEv
FN:1521,_ZN7testing8internal18CmpHelperEQFailureIiiEENS_15AssertionResultEPKcS4_RKT_RKT0_
FN:1540,_ZN7testing8internal11CmpHelperEQIiiEENS_15AssertionResultEPKcS4_RKT_RKT0_
FN:1568,_ZN7testing8internal8EqHelper7CompareIiiLPv0EEENS_15AssertionResultEPKcS6_RKT_RKT0_
FN:2484,_Z13RUN_ALL_TESTSv
FNDA:2,_ZN7testing15AssertionResultD1Ev
FNDA:2,_ZN7testing15AssertionResultD2Ev
FNDA:2,_ZNK7testing15AssertionResultcvbEv
FNDA:0,_ZNK7testing15AssertionResult7messageEv
FNDA:0,_ZNK7testing15AssertionResult15failure_messageEv
FNDA:0,_ZN7testing4Test14SetUpTestSuiteEv
FNDA:0,_ZN7testing4Test17TearDownTestSuiteEv
FNDA:0,_ZN7testing4Test16TearDownTestCaseEv
FNDA:0,_ZN7testing4Test13SetUpTestCaseEv
FNDA:0,_ZN7testing4Test5SetupEv
FNDA:0,_ZN7testing8internal18CmpHelperEQFailureIiiEENS_15AssertionResultEPKcS4_RKT_RKT0_
FNDA:2,_ZN7testing8internal11CmpHelperEQIiiEENS_15AssertionResultEPKcS4_RKT_RKT0_
FNDA:2,_ZN7testing8internal8EqHelper7CompareIiiLPv0EEENS_15AssertionResultEPKcS6_RKT_RKT0_
FNDA:1,_Z13RUN_ALL_TESTSv
FNF:14
FNH:6
DA:283,4
DA:324,2
DA:333,0
DA:334,0
DA:337,0
DA:427,0
DA:435,0
DA:439,0
DA:440,0
DA:521,0
DA:1521,0
DA:1524,0
DA:1525,0
DA:1526,0
DA:1527,0
DA:1529,0
DA:1540,2
DA:1544,2
DA:1545,2
DA:1548,0
DA:1549,2
DA:1568,2
DA:1571,2
DA:2484,1
DA:2485,1
LF:25
LH:10
end_of_record
SF:/Applications/Xcode.app/Contents/Developer/Toolchains/XcodeDefault.xctoolchain/usr/include/c++/v1/ios
FN:344,_ZNSt3__18ios_baseC2Ev
FN:348,_ZNKSt3__18ios_base5rdbufEv
FN:458,_ZNKSt3__18ios_base5flagsEv
FN:520,_ZNKSt3__18ios_base5widthEv
FN:527,_ZNSt3__18ios_base5widthEl
FN:545,_ZNSt3__18ios_base8setstateEj
FN:632,_ZNSt3__19basic_iosIcNS_11char_traitsIcEEE8setstateEj
FN:674,_ZNSt3__19basic_iosIcNS_11char_traitsIcEEEC2Ev
FN:709,_ZNSt3__19basic_iosIcNS_11char_traitsIcEEE4initEPNS_15basic_streambufIcS2_EE
FN:737,_ZNKSt3__19basic_iosIcNS_11char_traitsIcEEE5rdbufEv
FN:775,_ZNKSt3__19basic_iosIcNS_11char_traitsIcEEE5widenEc
FN:783,_ZNKSt3__19basic_iosIcNS_11char_traitsIcEEE4fillEv
FNDA:0,_ZNSt3__18ios_baseC2Ev
FNDA:413,_ZNKSt3__18ios_base5rdbufEv
FNDA:413,_ZNKSt3__18ios_base5flagsEv
FNDA:413,_ZNKSt3__18ios_base5widthEv
FNDA:413,_ZNSt3__18ios_base5widthEl
FNDA:0,_ZNSt3__18ios_base8setstateEj
FNDA:0,_ZNSt3__19basic_iosIcNS_11char_traitsIcEEE8setstateEj
FNDA:0,_ZNSt3__19basic_iosIcNS_11char_traitsIcEEEC2Ev
FNDA:0,_ZNSt3__19basic_iosIcNS_11char_traitsIcEEE4initEPNS_15basic_streambufIcS2_EE
FNDA:413,_ZNKSt3__19basic_iosIcNS_11char_traitsIcEEE5rdbufEv
FNDA:41,_ZNKSt3__19basic_iosIcNS_11char_traitsIcEEE5widenEc
FNDA:413,_ZNKSt3__19basic_iosIcNS_11char_traitsIcEEE4fillEv
FNF:12
FNH:7
DA:344,0
DA:345,0
DA:348,413
DA:458,413
DA:460,413
DA:520,413
DA:522,413
DA:527,413
DA:529,413
DA:530,413
DA:531,413
DA:545,0
DA:547,0
DA:548,0
DA:632,0
DA:674,0
DA:675,0
DA:709,0
DA:711,0
DA:712,0
DA:713,0
DA:714,0
DA:737,413
DA:739,413
DA:775,41
DA:777,41
DA:778,0
DA:783,413
DA:785,413
DA:786,41
DA:787,413
LF:31
LH:17
end_of_record
SF:/Applications/Xcode.app/Contents/Developer/Toolchains/XcodeDefault.xctoolchain/usr/include/c++/v1/iosfwd
FN:130,_ZNSt3__115basic_stringbufIcNS_11char_traitsIcEENS_9allocatorIcEEED1Ev
FN:130,_ZNSt3__115basic_stringbufIcNS_11char_traitsIcEENS_9allocatorIcEEED2Ev
FN:130,_ZNSt3__115basic_stringbufIcNS_11char_traitsIcEENS_9allocatorIcEEED0Ev
FN:139,_ZNSt3__118basic_stringstreamIcNS_11char_traitsIcEENS_9allocatorIcEEED2Ev
FN:139,_ZNSt3__118basic_stringstreamIcNS_11char_traitsIcEENS_9allocatorIcEEED0Ev
FN:139,_ZNSt3__118basic_stringstreamIcNS_11char_traitsIcEENS_9allocatorIcEEED1Ev
FNDA:52,_ZNSt3__115basic_stringbufIcNS_11char_traitsIcEENS_9allocatorIcEEED1Ev
FNDA:0,_ZNSt3__115basic_stringbufIcNS_11char_traitsIcEENS_9allocatorIcEEED0Ev
FNDA:52,_ZNSt3__115basic_stringbufIcNS_11char_traitsIcEENS_9allocatorIcEEED2Ev
FNDA:52,_ZNSt3__118basic_stringstreamIcNS_11char_traitsIcEENS_9allocatorIcEEED1Ev
FNDA:52,_ZNSt3__118basic_stringstreamIcNS_11char_traitsIcEENS_9allocatorIcEEED0Ev
FNDA:52,_ZNSt3__118basic_stringstreamIcNS_11char_traitsIcEENS_9allocatorIcEEED2Ev
FNF:6
FNH:5
DA:130,104
DA:139,156
LF:2
LH:2
end_of_record
SF:/Applications/Xcode.app/Contents/Developer/Toolchains/XcodeDefault.xctoolchain/usr/include/c++/v1/istream
FN:190,_ZNSt3__113basic_istreamIcNS_11char_traitsIcEEEC2EPNS_15basic_streambufIcS2_EE
FN:1407,_ZNSt3__114basic_iostreamIcNS_11char_traitsIcEEEC2EPNS_15basic_streambufIcS2_EE
FNDA:0,_ZNSt3__113basic_istreamIcNS_11char_traitsIcEEEC2EPNS_15basic_streambufIcS2_EE
FNDA:0,_ZNSt3__114basic_iostreamIcNS_11char_traitsIcEEEC2EPNS_15basic_streambufIcS2_EE
FNF:2
FNH:0
DA:190,0
DA:191,0
DA:1407,0
DA:1408,0
DA:1409,0
LF:5
LH:0
end_of_record
SF:/Applications/Xcode.app/Contents/Developer/Toolchains/XcodeDefault.xctoolchain/usr/include/c++/v1/iterator
FN:606,_ZNSt3__1L10__distanceIPcEENS_15iterator_traitsIT_E15difference_typeES3_S3_NS_26random_access_iterator_tagE
FN:614,_ZNSt3__1L8distanceIPcEENS_15iterator_traitsIT_E15difference_typeES3_S3_
FN:1078,_ZNSt3__119ostreambuf_iteratorIcNS_11char_traitsIcEEEC2ERNS_13basic_ostreamIcS2_EE
FN:1078,_ZNSt3__119ostreambuf_iteratorIcNS_11char_traitsIcEEEC1ERNS_13basic_ostreamIcS2_EE
FN:1091,_ZNKSt3__119ostreambuf_iteratorIcNS_11char_traitsIcEEE6failedEv
FNDA:52,_ZNSt3__1L10__distanceIPcEENS_15iterator_traitsIT_E15difference_typeES3_S3_NS_26random_access_iterator_tagE
FNDA:52,_ZNSt3__1L8distanceIPcEENS_15iterator_traitsIT_E15difference_typeES3_S3_
FNDA:413,_ZNSt3__119ostreambuf_iteratorIcNS_11char_traitsIcEEEC1ERNS_13basic_ostreamIcS2_EE
FNDA:413,_ZNSt3__119ostreambuf_iteratorIcNS_11char_traitsIcEEEC2ERNS_13basic_ostreamIcS2_EE
FNDA:413,_ZNKSt3__119ostreambuf_iteratorIcNS_11char_traitsIcEEE6failedEv
FNF:5
FNH:5
DA:606,52
DA:608,52
DA:614,52
DA:616,52
DA:1078,826
DA:1079,826
DA:1091,413
LF:7
LH:7
end_of_record
SF:/Applications/Xcode.app/Contents/Developer/Toolchains/XcodeDefault.xctoolchain/usr/include/c++/v1/locale
FN:1378,_ZNSt3__116__pad_and_outputIcNS_11char_traitsIcEEEENS_19ostreambuf_iteratorIT_T0_EES6_PKS4_S8_S8_RNS_8ios_baseES4_
FNDA:413,_ZNSt3__116__pad_and_outputIcNS_11char_traitsIcEEEENS_19ostreambuf_iteratorIT_T0_EES6_PKS4_S8_S8_RNS_8ios_baseES4_
FNF:1
FNH:1
DA:1378,413
DA:1382,413
DA:1383,0
DA:1384,413
DA:1385,413
DA:1386,413
DA:1387,0
DA:1389,413
DA:1390,413
DA:1391,413
DA:1393,0
DA:1395,0
DA:1396,0
DA:1398,0
DA:1399,413
DA:1401,0
DA:1402,0
DA:1404,0
DA:1405,0
DA:1407,0
DA:1408,413
DA:1409,413
DA:1411,413
DA:1413,0
DA:1414,0
DA:1416,413
DA:1417,413
DA:1418,413
DA:1419,413
LF:29
LH:16
end_of_record
SF:/Applications/Xcode.app/Contents/Developer/Toolchains/XcodeDefault.xctoolchain/usr/include/c++/v1/memory
FN:987,_ZNSt3__114pointer_traitsIPKcE10pointer_toERS1_
FN:987,_ZNSt3__114pointer_traitsIPcE10pointer_toERc
FN:1105,_ZNSt3__1L16__to_raw_pointerIKcEEPT_S3_
FN:1545,_ZNSt3__116allocator_traitsINS_9allocatorIcEEE8allocateERS2_m
FN:1598,_ZNSt3__116allocator_traitsINS_9allocatorIcEEE8max_sizeERKS2_
FN:1751,_ZNSt3__116allocator_traitsINS_9allocatorIcEEE10__max_sizeENS_17integral_constantIbLb1EEERKS2_
FN:1797,_ZNSt3__19allocatorIcEC2Ev
FN:1808,_ZNSt3__19allocatorIcE8allocateEmPKv
FN:1817,_ZNKSt3__19allocatorIcE8max_sizeEv
FN:2139,_ZNSt3__122__compressed_pair_elemINS_12basic_stringIcNS_11char_traitsIcEENS_9allocatorIcEEE5__repELi0ELb0EEC2Ev
FN:2162,_ZNSt3__122__compressed_pair_elemIPNS_12basic_stringIcNS_11char_traitsIcEENS_9allocatorIcEEEELi0ELb0EE5__getEv
FN:2162,_ZNSt3__122__compressed_pair_elemIPNS_18basic_stringstreamIcNS_11char_traitsIcEENS_9allocatorIcEEEELi0ELb0EE5__getEv
FN:2162,_ZNSt3__122__compressed_pair_elemINS_12basic_stringIcNS_11char_traitsIcEENS_9allocatorIcEEE5__repELi0ELb0EE5__getEv
FN:2164,_ZNKSt3__122__compressed_pair_elemINS_12basic_stringIcNS_11char_traitsIcEENS_9allocatorIcEEE5__repELi0ELb0EE5__getEv
FN:2164,_ZNKSt3__122__compressed_pair_elemIPNS_12basic_stringIcNS_11char_traitsIcEENS_9allocatorIcEEEELi0ELb0EE5__getEv
FN:2178,_ZNSt3__122__compressed_pair_elemINS_9allocatorIcEELi1ELb1EEC2Ev
FN:2185,_ZNSt3__122__compressed_pair_elemINS_9allocatorIcEELi1ELb1EEC2IRKS2_vEEOT_
FN:2201,_ZNSt3__122__compressed_pair_elemINS_14default_deleteINS_12basic_stringIcNS_11char_traitsIcEENS_9allocatorIcEEEEEELi1ELb1EE5__getEv
FN:2201,_ZNSt3__122__compressed_pair_elemINS_14default_deleteINS_18basic_stringstreamIcNS_11char_traitsIcEENS_9allocatorIcEEEEEELi1ELb1EE5__getEv
FN:2201,_ZNSt3__122__compressed_pair_elemINS_9allocatorIcEELi1ELb1EE5__getEv
FN:2203,_ZNKSt3__122__compressed_pair_elemINS_9allocatorIcEELi1ELb1EE5__getEv
FN:2233,_ZNSt3__117__compressed_pairINS_12basic_stringIcNS_11char_traitsIcEENS_9allocatorIcEEE5__repES5_EC2ILb1EvEEv
FN:2233,_ZNSt3__117__compressed_pairINS_12basic_stringIcNS_11char_traitsIcEENS_9allocatorIcEEE5__repES5_EC1ILb1EvEEv
FN:2244,_ZNSt3__117__compressed_pairINS_12basic_stringIcNS_11char_traitsIcEENS_9allocatorIcEEE5__repES5_EC2IRKS5_EENS_12__second_tagEOT_
FN:2244,_ZNSt3__117__compressed_pairINS_12basic_stringIcNS_11char_traitsIcEENS_9allocatorIcEEE5__repES5_EC1IRKS5_EENS_12__second_tagEOT_
FN:2278,_ZNSt3__117__compressed_pairIPNS_12basic_stringIcNS_11char_traitsIcEENS_9allocatorIcEEEENS_14default_deleteIS6_EEE5firstEv
FN:2278,_ZNSt3__117__compressed_pairIPNS_18basic_stringstreamIcNS_11char_traitsIcEENS_9allocatorIcEEEENS_14default_deleteIS6_EEE5firstEv
FN:2278,_ZNSt3__117__compressed_pairINS_12basic_stringIcNS_11char_traitsIcEENS_9allocatorIcEEE5__repES5_E5firstEv
FN:2283,_ZNKSt3__117__compressed_pairINS_12basic_stringIcNS_11char_traitsIcEENS_9allocatorIcEEE5__repES5_E5firstEv
FN:2283,_ZNKSt3__117__compressed_pairIPNS_12basic_stringIcNS_11char_traitsIcEENS_9allocatorIcEEEENS_14default_deleteIS6_EEE5firstEv
FN:2288,_ZNSt3__117__compressed_pairIPNS_18basic_stringstreamIcNS_11char_traitsIcEENS_9allocatorIcEEEENS_14default_deleteIS6_EEE6secondEv
FN:2288,_ZNSt3__117__compressed_pairINS_12basic_stringIcNS_11char_traitsIcEENS_9allocatorIcEEE5__repES5_E6secondEv
FN:2288,_ZNSt3__117__compressed_pairIPNS_12basic_stringIcNS_11char_traitsIcEENS_9allocatorIcEEEENS_14default_deleteIS6_EEE6secondEv
FN:2293,_ZNKSt3__117__compressed_pairINS_12basic_stringIcNS_11char_traitsIcEENS_9allocatorIcEEE5__repES5_E6secondEv
FN:2333,_ZNKSt3__114default_deleteINS_18basic_stringstreamIcNS_11char_traitsIcEENS_9allocatorIcEEEEEclEPS6_
FN:2333,_ZNKSt3__114default_deleteINS_12basic_stringIcNS_11char_traitsIcEENS_9allocatorIcEEEEEclEPS6_
FN:2605,_ZNSt3__110unique_ptrINS_18basic_stringstreamIcNS_11char_traitsIcEENS_9allocatorIcEEEENS_14default_deleteIS6_EEED2Ev
FN:2605,_ZNSt3__110unique_ptrINS_12basic_stringIcNS_11char_traitsIcEENS_9allocatorIcEEEENS_14default_deleteIS6_EEED1Ev
FN:2605,_ZNSt3__110unique_ptrINS_12basic_stringIcNS_11char_traitsIcEENS_9allocatorIcEEEENS_14default_deleteIS6_EEED2Ev
FN:2605,_ZNSt3__110unique_ptrINS_18basic_stringstreamIcNS_11char_traitsIcEENS_9allocatorIcEEEENS_14default_deleteIS6_EEED1Ev
FN:2619,_ZNKSt3__110unique_ptrINS_12basic_stringIcNS_11char_traitsIcEENS_9allocatorIcEEEENS_14default_deleteIS6_EEEptEv
FN:2623,_ZNKSt3__110unique_ptrINS_12basic_stringIcNS_11char_traitsIcEENS_9allocatorIcEEEENS_14default_deleteIS6_EEE3getEv
FN:2647,_ZNSt3__110unique_ptrINS_12basic_stringIcNS_11char_traitsIcEENS_9allocatorIcEEEENS_14default_deleteIS6_EEE5resetEPS6_
FN:2647,_ZNSt3__110unique_ptrINS_18basic_stringstreamIcNS_11char_traitsIcEENS_9allocatorIcEEEENS_14default_deleteIS6_EEE5resetEPS6_
FNDA:104,_ZNSt3__114pointer_traitsIPKcE10pointer_toERS1_
FNDA:44,_ZNSt3__114pointer_traitsIPcE10pointer_toERc
FNDA:120,_ZNSt3__1L16__to_raw_pointerIKcEEPT_S3_
FNDA:8,_ZNSt3__116allocator_traitsINS_9allocatorIcEEE8allocateERS2_m
FNDA:52,_ZNSt3__116allocator_traitsINS_9allocatorIcEEE8max_sizeERKS2_
FNDA:52,_ZNSt3__116allocator_traitsINS_9allocatorIcEEE10__max_sizeENS_17integral_constantIbLb1EEERKS2_
FNDA:2,_ZNSt3__19allocatorIcEC2Ev
FNDA:8,_ZNSt3__19allocatorIcE8allocateEmPKv
FNDA:60,_ZNKSt3__19allocatorIcE8max_sizeEv
FNDA:54,_ZNSt3__122__compressed_pair_elemINS_12basic_stringIcNS_11char_traitsIcEENS_9allocatorIcEEE5__repELi0ELb0EEC2Ev
FNDA:104,_ZNSt3__122__compressed_pair_elemIPNS_18basic_stringstreamIcNS_11char_traitsIcEENS_9allocatorIcEEEELi0ELb0EE5__getEv
FNDA:4,_ZNSt3__122__compressed_pair_elemIPNS_12basic_stringIcNS_11char_traitsIcEENS_9allocatorIcEEEELi0ELb0EE5__getEv
FNDA:112,_ZNSt3__122__compressed_pair_elemINS_12basic_stringIcNS_11char_traitsIcEENS_9allocatorIcEEE5__repELi0ELb0EE5__getEv
FNDA:0,_ZNKSt3__122__compressed_pair_elemIPNS_12basic_stringIcNS_11char_traitsIcEENS_9allocatorIcEEEELi0ELb0EE5__getEv
FNDA:428,_ZNKSt3__122__compressed_pair_elemINS_12basic_stringIcNS_11char_traitsIcEENS_9allocatorIcEEE5__repELi0ELb0EE5__getEv
FNDA:2,_ZNSt3__122__compressed_pair_elemINS_9allocatorIcEELi1ELb1EEC2Ev
FNDA:52,_ZNSt3__122__compressed_pair_elemINS_9allocatorIcEELi1ELb1EEC2IRKS2_vEEOT_
FNDA:52,_ZNSt3__122__compressed_pair_elemINS_14default_deleteINS_18basic_stringstreamIcNS_11char_traitsIcEENS_9allocatorIcEEEEEELi1ELb1EE5__getEv
FNDA:0,_ZNSt3__122__compressed_pair_elemINS_14default_deleteINS_12basic_stringIcNS_11char_traitsIcEENS_9allocatorIcEEEEEELi1ELb1EE5__getEv
FNDA:8,_ZNSt3__122__compressed_pair_elemINS_9allocatorIcEELi1ELb1EE5__getEv
FNDA:104,_ZNKSt3__122__compressed_pair_elemINS_9allocatorIcEELi1ELb1EE5__getEv
FNDA:2,_ZNSt3__117__compressed_pairINS_12basic_stringIcNS_11char_traitsIcEENS_9allocatorIcEEE5__repES5_EC1ILb1EvEEv
FNDA:2,_ZNSt3__117__compressed_pairINS_12basic_stringIcNS_11char_traitsIcEENS_9allocatorIcEEE5__repES5_EC2ILb1EvEEv
FNDA:52,_ZNSt3__117__compressed_pairINS_12basic_stringIcNS_11char_traitsIcEENS_9allocatorIcEEE5__repES5_EC1IRKS5_EENS_12__second_tagEOT_
FNDA:52,_ZNSt3__117__compressed_pairINS_12basic_stringIcNS_11char_traitsIcEENS_9allocatorIcEEE5__repES5_EC2IRKS5_EENS_12__second_tagEOT_
FNDA:104,_ZNSt3__117__compressed_pairIPNS_18basic_stringstreamIcNS_11char_traitsIcEENS_9allocatorIcEEEENS_14default_deleteIS6_EEE5firstEv
FNDA:4,_ZNSt3__117__compressed_pairIPNS_12basic_stringIcNS_11char_traitsIcEENS_9allocatorIcEEEENS_14default_deleteIS6_EEE5firstEv
FNDA:112,_ZNSt3__117__compressed_pairINS_12basic_stringIcNS_11char_traitsIcEENS_9allocatorIcEEE5__repES5_E5firstEv
FNDA:0,_ZNKSt3__117__compressed_pairIPNS_12basic_stringIcNS_11char_traitsIcEENS_9allocatorIcEEEENS_14default_deleteIS6_EEE5firstEv
FNDA:428,_ZNKSt3__117__compressed_pairINS_12basic_stringIcNS_11char_traitsIcEENS_9allocatorIcEEE5__repES5_E5firstEv
FNDA:52,_ZNSt3__117__compressed_pairIPNS_18basic_stringstreamIcNS_11char_traitsIcEENS_9allocatorIcEEEENS_14default_deleteIS6_EEE6secondEv
FNDA:0,_ZNSt3__117__compressed_pairIPNS_12basic_stringIcNS_11char_traitsIcEENS_9allocatorIcEEEENS_14default_deleteIS6_EEE6secondEv
FNDA:8,_ZNSt3__117__compressed_pairINS_12basic_stringIcNS_11char_traitsIcEENS_9allocatorIcEEE5__repES5_E6secondEv
FNDA:104,_ZNKSt3__117__compressed_pairINS_12basic_stringIcNS_11char_traitsIcEENS_9allocatorIcEEE5__repES5_E6secondEv
FNDA:52,_ZNKSt3__114default_deleteINS_18basic_stringstreamIcNS_11char_traitsIcEENS_9allocatorIcEEEEEclEPS6_
FNDA:0,_ZNKSt3__114default_deleteINS_12basic_stringIcNS_11char_traitsIcEENS_9allocatorIcEEEEEclEPS6_
FNDA:52,_ZNSt3__110unique_ptrINS_18basic_stringstreamIcNS_11char_traitsIcEENS_9allocatorIcEEEENS_14default_deleteIS6_EEED1Ev
FNDA:52,_ZNSt3__110unique_ptrINS_18basic_stringstreamIcNS_11char_traitsIcEENS_9allocatorIcEEEENS_14default_deleteIS6_EEED2Ev
FNDA:2,_ZNSt3__110unique_ptrINS_12basic_stringIcNS_11char_traitsIcEENS_9allocatorIcEEEENS_14default_deleteIS6_EEED1Ev
FNDA:2,_ZNSt3__110unique_ptrINS_12basic_stringIcNS_11char_traitsIcEENS_9allocatorIcEEEENS_14default_deleteIS6_EEED2Ev
FNDA:0,_ZNKSt3__110unique_ptrINS_12basic_stringIcNS_11char_traitsIcEENS_9allocatorIcEEEENS_14default_deleteIS6_EEEptEv
FNDA:0,_ZNKSt3__110unique_ptrINS_12basic_stringIcNS_11char_traitsIcEENS_9allocatorIcEEEENS_14default_deleteIS6_EEE3getEv
FNDA:52,_ZNSt3__110unique_ptrINS_18basic_stringstreamIcNS_11char_traitsIcEENS_9allocatorIcEEEENS_14default_deleteIS6_EEE5resetEPS6_
FNDA:2,_ZNSt3__110unique_ptrINS_12basic_stringIcNS_11char_traitsIcEENS_9allocatorIcEEEENS_14default_deleteIS6_EEE5resetEPS6_
FNF:44
FNH:37
DA:987,148
DA:989,148
DA:1105,120
DA:1107,120
DA:1545,8
DA:1546,8
DA:1598,52
DA:1599,52
DA:1751,52
DA:1752,52
DA:1797,2
DA:1808,8
DA:1810,8
DA:1811,0
DA:1813,8
DA:1817,60
DA:1818,60
DA:2139,54
DA:2162,220
DA:2164,428
DA:2178,2
DA:2185,52
DA:2186,52
DA:2187,104
DA:2201,60
DA:2203,104
DA:2233,4
DA:2244,104
DA:2245,104
DA:2278,220
DA:2279,220
DA:2283,428
DA:2284,428
DA:2288,60
DA:2289,60
DA:2293,104
DA:2294,104
DA:2333,52
DA:2338,52
DA:2339,52
DA:2605,108
DA:2619,0
DA:2620,0
DA:2623,0
DA:2624,0
DA:2647,54
DA:2648,54
DA:2649,54
DA:2650,54
DA:2651,52
DA:2652,54
LF:51
LH:46
end_of_record
SF:/Applications/Xcode.app/Contents/Developer/Toolchains/XcodeDefault.xctoolchain/usr/include/c++/v1/new
FN:237,_ZNSt3__1L17__libcpp_allocateEmm
FNDA:8,_ZNSt3__1L17__libcpp_allocateEmm
FNF:1
FNH:1
DA:237,8
DA:253,8
LF:2
LH:2
end_of_record
SF:/Applications/Xcode.app/Contents/Developer/Toolchains/XcodeDefault.xctoolchain/usr/include/c++/v1/ostream
FN:236,_ZNSt3__113basic_ostreamIcNS_11char_traitsIcEEEC2Ev
FN:254,_ZNKSt3__113basic_ostreamIcNS_11char_traitsIcEEE6sentrycvbEv
FN:714,_ZNSt3__124__put_character_sequenceIcNS_11char_traitsIcEEEERNS_13basic_ostreamIT_T0_EES7_PKS4_m
FN:862,_ZNSt3__1lsINS_11char_traitsIcEEEERNS_13basic_ostreamIcT_EES6_PKc
FNDA:0,_ZNSt3__113basic_ostreamIcNS_11char_traitsIcEEEC2Ev
FNDA:413,_ZNKSt3__113basic_ostreamIcNS_11char_traitsIcEEE6sentrycvbEv
FNDA:413,_ZNSt3__124__put_character_sequenceIcNS_11char_traitsIcEEEERNS_13basic_ostreamIT_T0_EES7_PKS4_m
FNDA:41,_ZNSt3__1lsINS_11char_traitsIcEEEERNS_13basic_ostreamIcT_EES6_PKc
FNF:4
FNH:3
DA:236,0
DA:254,413
DA:714,413
DA:721,413
DA:722,413
DA:725,826
DA:726,413
DA:727,413
DA:728,0
DA:729,413
DA:730,413
DA:731,413
DA:732,826
DA:733,0
DA:734,413
DA:736,413
DA:739,0
DA:740,0
DA:742,413
DA:743,0
DA:862,41
DA:864,41
LF:22
LH:16
end_of_record
SF:/Applications/Xcode.app/Contents/Developer/Toolchains/XcodeDefault.xctoolchain/usr/include/c++/v1/sstream
FN:241,_ZNSt3__115basic_stringbufIcNS_11char_traitsIcEENS_9allocatorIcEEEC2Ej
FN:241,_ZNSt3__115basic_stringbufIcNS_11char_traitsIcEENS_9allocatorIcEEEC1Ej
FN:438,_ZNKSt3__115basic_stringbufIcNS_11char_traitsIcEENS_9allocatorIcEEE3strEv
FN:486,_ZNSt3__115basic_stringbufIcNS_11char_traitsIcEENS_9allocatorIcEEE9underflowEv
FN:502,_ZNSt3__115basic_stringbufIcNS_11char_traitsIcEENS_9allocatorIcEEE9pbackfailEi
FN:526,_ZNSt3__115basic_stringbufIcNS_11char_traitsIcEENS_9allocatorIcEEE8overflowEi
FN:568,_ZNSt3__115basic_stringbufIcNS_11char_traitsIcEENS_9allocatorIcEEE7seekoffExNS_8ios_base7seekdirEj
FN:620,_ZNSt3__115basic_stringbufIcNS_11char_traitsIcEENS_9allocatorIcEEE7seekposENS_4fposI11__mbstate_tEEj
FN:908,_ZNSt3__118basic_stringstreamIcNS_11char_traitsIcEENS_9allocatorIcEEEC1Ej
FN:969,_ZNKSt3__118basic_stringstreamIcNS_11char_traitsIcEENS_9allocatorIcEEE3strEv
FNDA:0,_ZNSt3__115basic_stringbufIcNS_11char_traitsIcEENS_9allocatorIcEEEC1Ej
FNDA:0,_ZNSt3__115basic_stringbufIcNS_11char_traitsIcEENS_9allocatorIcEEEC2Ej
FNDA:52,_ZNKSt3__115basic_stringbufIcNS_11char_traitsIcEENS_9allocatorIcEEE3strEv
FNDA:0,_ZNSt3__115basic_stringbufIcNS_11char_traitsIcEENS_9allocatorIcEEE9underflowEv
FNDA:0,_ZNSt3__115basic_stringbufIcNS_11char_traitsIcEENS_9allocatorIcEEE9pbackfailEi
FNDA:60,_ZNSt3__115basic_stringbufIcNS_11char_traitsIcEENS_9allocatorIcEEE8overflowEi
FNDA:0,_ZNSt3__115basic_stringbufIcNS_11char_traitsIcEENS_9allocatorIcEEE7seekoffExNS_8ios_base7seekdirEj
FNDA:0,_ZNSt3__115basic_stringbufIcNS_11char_traitsIcEENS_9allocatorIcEEE7seekposENS_4fposI11__mbstate_tEEj
FNDA:0,_ZNSt3__118basic_stringstreamIcNS_11char_traitsIcEENS_9allocatorIcEEEC1Ej
FNDA:0,_ZNKSt3__118basic_stringstreamIcNS_11char_traitsIcEENS_9allocatorIcEEE3strEv
FNF:10
FNH:2
DA:212,0
DA:241,0
DA:242,0
DA:243,0
DA:244,0
DA:245,0
DA:438,52
DA:440,52
DA:442,52
DA:443,39
DA:444,52
DA:446,0
DA:447,0
DA:448,0
DA:449,52
DA:486,0
DA:488,0
DA:489,0
DA:490,0
DA:492,0
DA:493,0
DA:494,0
DA:495,0
DA:496,0
DA:497,0
DA:498,0
DA:502,0
DA:504,0
DA:505,0
DA:506,0
DA:508,0
DA:510,0
DA:511,0
DA:513,0
DA:514,0
DA:516,0
DA:517,0
DA:518,0
DA:520,0
DA:521,0
DA:522,0
DA:526,60
DA:528,60
DA:530,60
DA:531,60
DA:533,60
DA:534,0
DA:539,60
DA:540,60
DA:541,60
DA:542,60
DA:543,60
DA:544,60
DA:545,60
DA:546,60
DA:548,60
DA:551,0
DA:552,0
DA:554,60
DA:555,60
DA:556,60
DA:558,60
DA:559,60
DA:560,60
DA:561,60
DA:563,0
DA:564,60
DA:568,0
DA:572,0
DA:573,0
DA:574,0
DA:575,0
DA:576,0
DA:577,0
DA:578,0
DA:579,0
DA:581,0
DA:584,0
DA:585,0
DA:587,0
DA:588,0
DA:590,0
DA:591,0
DA:593,0
DA:594,0
DA:596,0
DA:598,0
DA:599,0
DA:600,0
DA:601,0
DA:603,0
DA:604,0
DA:605,0
DA:606,0
DA:607,0
DA:608,0
DA:609,0
DA:610,0
DA:612,0
DA:613,0
DA:614,0
DA:615,0
DA:616,0
DA:620,0
DA:623,0
DA:884,0
DA:908,0
DA:909,0
DA:910,0
DA:911,0
DA:912,0
DA:969,0
DA:971,0
LF:113
LH:28
end_of_record
SF:/Applications/Xcode.app/Contents/Developer/Toolchains/XcodeDefault.xctoolchain/usr/include/c++/v1/stdexcept
FN:153,_ZNSt12length_errorC2EPKc
FN:153,_ZNSt12length_errorC1EPKc
FN:248,_ZNSt3__1L20__throw_length_errorEPKc
FNDA:0,_ZNSt12length_errorC1EPKc
FNDA:0,_ZNSt12length_errorC2EPKc
FNDA:0,_ZNSt3__1L20__throw_length_errorEPKc
FNF:3
FNH:0
DA:153,0
DA:248,0
DA:251,0
DA:256,0
LF:4
LH:0
end_of_record
SF:/Applications/Xcode.app/Contents/Developer/Toolchains/XcodeDefault.xctoolchain/usr/include/c++/v1/streambuf
FN:220,_ZNSt3__115basic_streambufIcNS_11char_traitsIcEEE5sputcEc
FN:228,_ZNSt3__115basic_streambufIcNS_11char_traitsIcEEE5sputnEPKcl
FN:238,_ZNKSt3__115basic_streambufIcNS_11char_traitsIcEEE5ebackEv
FN:239,_ZNKSt3__115basic_streambufIcNS_11char_traitsIcEEE4gptrEv
FN:240,_ZNKSt3__115basic_streambufIcNS_11char_traitsIcEEE5egptrEv
FN:246,_ZNSt3__115basic_streambufIcNS_11char_traitsIcEEE4setgEPcS4_S4_
FN:253,_ZNKSt3__115basic_streambufIcNS_11char_traitsIcEEE5pbaseEv
FN:254,_ZNKSt3__115basic_streambufIcNS_11char_traitsIcEEE4pptrEv
FN:255,_ZNKSt3__115basic_streambufIcNS_11char_traitsIcEEE5epptrEv
FN:258,_ZNSt3__115basic_streambufIcNS_11char_traitsIcEEE5pbumpEi
FN:261,_ZNSt3__115basic_streambufIcNS_11char_traitsIcEEE7__pbumpEl
FN:264,_ZNSt3__115basic_streambufIcNS_11char_traitsIcEEE4setpEPcS4_
FNDA:60,_ZNSt3__115basic_streambufIcNS_11char_traitsIcEEE5sputcEc
FNDA:413,_ZNSt3__115basic_streambufIcNS_11char_traitsIcEEE5sputnEPKcl
FNDA:60,_ZNKSt3__115basic_streambufIcNS_11char_traitsIcEEE5ebackEv
FNDA:60,_ZNKSt3__115basic_streambufIcNS_11char_traitsIcEEE4gptrEv
FNDA:0,_ZNKSt3__115basic_streambufIcNS_11char_traitsIcEEE5egptrEv
FNDA:60,_ZNSt3__115basic_streambufIcNS_11char_traitsIcEEE4setgEPcS4_S4_
FNDA:232,_ZNKSt3__115basic_streambufIcNS_11char_traitsIcEEE5pbaseEv
FNDA:271,_ZNKSt3__115basic_streambufIcNS_11char_traitsIcEEE4pptrEv
FNDA:60,_ZNKSt3__115basic_streambufIcNS_11char_traitsIcEEE5epptrEv
FNDA:0,_ZNSt3__115basic_streambufIcNS_11char_traitsIcEEE5pbumpEi
FNDA:60,_ZNSt3__115basic_streambufIcNS_11char_traitsIcEEE7__pbumpEl
FNDA:60,_ZNSt3__115basic_streambufIcNS_11char_traitsIcEEE4setpEPcS4_
FNF:12
FNH:10
DA:220,60
DA:221,60
DA:222,0
DA:223,60
DA:224,60
DA:225,60
DA:228,413
DA:229,413
DA:238,60
DA:239,60
DA:240,0
DA:246,60
DA:247,60
DA:248,60
DA:249,60
DA:250,60
DA:253,232
DA:254,271
DA:255,60
DA:258,0
DA:261,60
DA:264,60
DA:265,60
DA:266,60
DA:267,60
LF:25
LH:22
end_of_record
SF:/Applications/Xcode.app/Contents/Developer/Toolchains/XcodeDefault.xctoolchain/usr/include/c++/v1/string
FN:543,_ZNSt3__14fposI11__mbstate_tEC1Ex
FN:543,_ZNSt3__14fposI11__mbstate_tEC2Ex
FN:545,_ZNKSt3__14fposI11__mbstate_tEcvxEv
FN:817,_ZNSt3__112basic_stringIcNS_11char_traitsIcEENS_9allocatorIcEEEC1IDnEEPKc
FN:817,_ZNSt3__112basic_stringIcNS_11char_traitsIcEENS_9allocatorIcEEEC2IDnEEPKc
FN:946,_ZNKSt3__112basic_stringIcNS_11char_traitsIcEENS_9allocatorIcEEE4sizeEv
FN:950,_ZNKSt3__112basic_stringIcNS_11char_traitsIcEENS_9allocatorIcEEE8capacityEv
FN:955,_ZNSt3__112basic_stringIcNS_11char_traitsIcEENS_9allocatorIcEEE6resizeEm
FN:1240,_ZNKSt3__112basic_stringIcNS_11char_traitsIcEENS_9allocatorIcEEE5c_strEv
FN:1242,_ZNKSt3__112basic_stringIcNS_11char_traitsIcEENS_9allocatorIcEEE4dataEv
FN:1249,_ZNKSt3__112basic_stringIcNS_11char_traitsIcEENS_9allocatorIcEEE13get_allocatorEv
FN:1419,_ZNKSt3__112basic_stringIcNS_11char_traitsIcEENS_9allocatorIcEEE9__is_longEv
FN:1433,_ZNSt3__112basic_stringIcNS_11char_traitsIcEENS_9allocatorIcEEE7__allocEv
FN:1436,_ZNKSt3__112basic_stringIcNS_11char_traitsIcEENS_9allocatorIcEEE7__allocEv
FN:1460,_ZNSt3__112basic_stringIcNS_11char_traitsIcEENS_9allocatorIcEEE16__set_short_sizeEm
FN:1468,_ZNKSt3__112basic_stringIcNS_11char_traitsIcEENS_9allocatorIcEEE16__get_short_sizeEv
FN:1478,_ZNSt3__112basic_stringIcNS_11char_traitsIcEENS_9allocatorIcEEE15__set_long_sizeEm
FN:1481,_ZNKSt3__112basic_stringIcNS_11char_traitsIcEENS_9allocatorIcEEE15__get_long_sizeEv
FN:1488,_ZNSt3__112basic_stringIcNS_11char_traitsIcEENS_9allocatorIcEEE14__set_long_capEm
FN:1491,_ZNKSt3__112basic_stringIcNS_11char_traitsIcEENS_9allocatorIcEEE14__get_long_capEv
FN:1495,_ZNSt3__112basic_stringIcNS_11char_traitsIcEENS_9allocatorIcEEE18__set_long_pointerEPc
FN:1501,_ZNKSt3__112basic_stringIcNS_11char_traitsIcEENS_9allocatorIcEEE18__get_long_pointerEv
FN:1504,_ZNSt3__112basic_stringIcNS_11char_traitsIcEENS_9allocatorIcEEE19__get_short_pointerEv
FN:1507,_ZNKSt3__112basic_stringIcNS_11char_traitsIcEENS_9allocatorIcEEE19__get_short_pointerEv
FN:1513,_ZNKSt3__112basic_stringIcNS_11char_traitsIcEENS_9allocatorIcEEE13__get_pointerEv
FN:1517,_ZNSt3__112basic_stringIcNS_11char_traitsIcEENS_9allocatorIcEEE6__zeroEv
FN:1526,_ZNSt3__112basic_stringIcNS_11char_traitsIcEENS_9allocatorIcEEE10__align_itILm16EEEmm
FN:1530,_ZNSt3__112basic_stringIcNS_11char_traitsIcEENS_9allocatorIcEEE11__recommendEm
FN:1722,_ZNSt3__112basic_stringIcNS_11char_traitsIcEENS_9allocatorIcEEEC2Ev
FN:1722,_ZNSt3__112basic_stringIcNS_11char_traitsIcEENS_9allocatorIcEEEC1Ev
FN:1733,_ZNSt3__112basic_stringIcNS_11char_traitsIcEENS_9allocatorIcEEEC2ERKS4_
FN:1733,_ZNSt3__112basic_stringIcNS_11char_traitsIcEENS_9allocatorIcEEEC1ERKS4_
FN:1925,_ZNSt3__112basic_stringIcNS_11char_traitsIcEENS_9allocatorIcEEEC1Emc
FN:1925,_ZNSt3__112basic_stringIcNS_11char_traitsIcEENS_9allocatorIcEEEC2Emc
FN:2045,_ZNSt3__112basic_stringIcNS_11char_traitsIcEENS_9allocatorIcEEE6__initIPcEENS_9enable_ifIXsr21__is_forward_iteratorIT_EE5valueEvE4typeES9_S9_
FN:2083,_ZNSt3__112basic_stringIcNS_11char_traitsIcEENS_9allocatorIcEEEC2IPcvEET_S8_RKS4_
FN:2083,_ZNSt3__112basic_stringIcNS_11char_traitsIcEENS_9allocatorIcEEEC1IPcvEET_S8_RKS4_
FN:3118,_ZNKSt3__112basic_stringIcNS_11char_traitsIcEENS_9allocatorIcEEE8max_sizeEv
FNDA:0,_ZNSt3__14fposI11__mbstate_tEC1Ex
FNDA:0,_ZNSt3__14fposI11__mbstate_tEC2Ex
FNDA:0,_ZNKSt3__14fposI11__mbstate_tEcvxEv
FNDA:2,_ZNSt3__112basic_stringIcNS_11char_traitsIcEENS_9allocatorIcEEEC1IDnEEPKc
FNDA:2,_ZNSt3__112basic_stringIcNS_11char_traitsIcEENS_9allocatorIcEEEC2IDnEEPKc
FNDA:60,_ZNKSt3__112basic_stringIcNS_11char_traitsIcEENS_9allocatorIcEEE4sizeEv
FNDA:60,_ZNKSt3__112basic_stringIcNS_11char_traitsIcEENS_9allocatorIcEEE8capacityEv
FNDA:60,_ZNSt3__112basic_stringIcNS_11char_traitsIcEENS_9allocatorIcEEE6resizeEm
FNDA:0,_ZNKSt3__112basic_stringIcNS_11char_traitsIcEENS_9allocatorIcEEE5c_strEv
FNDA:120,_ZNKSt3__112basic_stringIcNS_11char_traitsIcEENS_9allocatorIcEEE4dataEv
FNDA:52,_ZNKSt3__112basic_stringIcNS_11char_traitsIcEENS_9allocatorIcEEE13get_allocatorEv
FNDA:240,_ZNKSt3__112basic_stringIcNS_11char_traitsIcEENS_9allocatorIcEEE9__is_longEv
FNDA:8,_ZNSt3__112basic_stringIcNS_11char_traitsIcEENS_9allocatorIcEEE7__allocEv
FNDA:104,_ZNKSt3__112basic_stringIcNS_11char_traitsIcEENS_9allocatorIcEEE7__allocEv
FNDA:44,_ZNSt3__112basic_stringIcNS_11char_traitsIcEENS_9allocatorIcEEE16__set_short_sizeEm
FNDA:52,_ZNKSt3__112basic_stringIcNS_11char_traitsIcEENS_9allocatorIcEEE16__get_short_sizeEv
FNDA:8,_ZNSt3__112basic_stringIcNS_11char_traitsIcEENS_9allocatorIcEEE15__set_long_sizeEm
FNDA:8,_ZNKSt3__112basic_stringIcNS_11char_traitsIcEENS_9allocatorIcEEE15__get_long_sizeEv
FNDA:8,_ZNSt3__112basic_stringIcNS_11char_traitsIcEENS_9allocatorIcEEE14__set_long_capEm
FNDA:8,_ZNKSt3__112basic_stringIcNS_11char_traitsIcEENS_9allocatorIcEEE14__get_long_capEv
FNDA:8,_ZNSt3__112basic_stringIcNS_11char_traitsIcEENS_9allocatorIcEEE18__set_long_pointerEPc
FNDA:16,_ZNKSt3__112basic_stringIcNS_11char_traitsIcEENS_9allocatorIcEEE18__get_long_pointerEv
FNDA:44,_ZNSt3__112basic_stringIcNS_11char_traitsIcEENS_9allocatorIcEEE19__get_short_pointerEv
FNDA:104,_ZNKSt3__112basic_stringIcNS_11char_traitsIcEENS_9allocatorIcEEE19__get_short_pointerEv
FNDA:120,_ZNKSt3__112basic_stringIcNS_11char_traitsIcEENS_9allocatorIcEEE13__get_pointerEv
FNDA:0,_ZNSt3__112basic_stringIcNS_11char_traitsIcEENS_9allocatorIcEEE6__zeroEv
FNDA:8,_ZNSt3__112basic_stringIcNS_11char_traitsIcEENS_9allocatorIcEEE10__align_itILm16EEEmm
FNDA:8,_ZNSt3__112basic_stringIcNS_11char_traitsIcEENS_9allocatorIcEEE11__recommendEm
FNDA:0,_ZNSt3__112basic_stringIcNS_11char_traitsIcEENS_9allocatorIcEEEC1Ev
FNDA:0,_ZNSt3__112basic_stringIcNS_11char_traitsIcEENS_9allocatorIcEEEC2Ev
FNDA:0,_ZNSt3__112basic_stringIcNS_11char_traitsIcEENS_9allocatorIcEEEC1ERKS4_
FNDA:0,_ZNSt3__112basic_stringIcNS_11char_traitsIcEENS_9allocatorIcEEEC2ERKS4_
FNDA:0,_ZNSt3__112basic_stringIcNS_11char_traitsIcEENS_9allocatorIcEEEC1Emc
FNDA:0,_ZNSt3__112basic_stringIcNS_11char_traitsIcEENS_9allocatorIcEEEC2Emc
FNDA:52,_ZNSt3__112basic_stringIcNS_11char_traitsIcEENS_9allocatorIcEEE6__initIPcEENS_9enable_ifIXsr21__is_forward_iteratorIT_EE5valueEvE4typeES9_S9_
FNDA:52,_ZNSt3__112basic_stringIcNS_11char_traitsIcEENS_9allocatorIcEEEC1IPcvEET_S8_RKS4_
FNDA:52,_ZNSt3__112basic_stringIcNS_11char_traitsIcEENS_9allocatorIcEEEC2IPcvEET_S8_RKS4_
FNDA:52,_ZNKSt3__112basic_stringIcNS_11char_traitsIcEENS_9allocatorIcEEE8max_sizeEv
FNF:38
FNH:27
DA:543,0
DA:545,0
DA:789,0
DA:817,4
DA:819,2
DA:823,4
DA:834,0
DA:946,60
DA:947,60
DA:950,60
DA:951,60
DA:952,60
DA:955,60
DA:1240,0
DA:1242,120
DA:1249,52
DA:1419,240
DA:1420,240
DA:1433,8
DA:1434,8
DA:1436,104
DA:1437,104
DA:1460,44
DA:1464,44
DA:1468,52
DA:1472,52
DA:1478,8
DA:1479,8
DA:1481,8
DA:1482,8
DA:1488,8
DA:1489,8
DA:1491,8
DA:1492,8
DA:1495,8
DA:1496,8
DA:1501,16
DA:1502,16
DA:1504,44
DA:1505,44
DA:1507,104
DA:1508,104
DA:1513,120
DA:1514,120
DA:1517,0
DA:1519,0
DA:1520,0
DA:1521,0
DA:1522,0
DA:1526,8
DA:1527,8
DA:1530,8
DA:1532,8
DA:1533,16
DA:1534,16
DA:1535,8
DA:1536,8
DA:1537,8
DA:1722,0
DA:1724,0
DA:1728,0
DA:1729,0
DA:1733,0
DA:1739,0
DA:1740,0
DA:1744,0
DA:1745,0
DA:1925,0
DA:1926,0
DA:1927,0
DA:1931,0
DA:2045,52
DA:2047,52
DA:2048,52
DA:2049,0
DA:2051,52
DA:2053,44
DA:2054,44
DA:2055,44
DA:2058,8
DA:2059,8
DA:2060,8
DA:2061,8
DA:2062,8
DA:2064,813
DA:2065,761
DA:2066,52
DA:2067,52
DA:2083,104
DA:2085,52
DA:2086,104
DA:2087,52
DA:2091,104
DA:3118,52
DA:3120,52
DA:3124,52
LF:96
LH:72
end_of_record
SF:/Applications/Xcode.app/Contents/Developer/Toolchains/XcodeDefault.xctoolchain/usr/include/c++/v1/type_traits
FN:465,_ZNSt3__1L9addressofIKcEEPT_RS2_
FN:465,_ZNSt3__1L9addressofIcEEPT_RS1_
FN:2359,_ZNSt3__1L7forwardIRKNS_9allocatorIcEEEEOT_RNS_16remove_referenceIS5_E4typeE
FNDA:104,_ZNSt3__1L9addressofIKcEEPT_RS2_
FNDA:44,_ZNSt3__1L9addressofIcEEPT_RS1_
FNDA:104,_ZNSt3__1L7forwardIRKNS_9allocatorIcEEEEOT_RNS_16remove_referenceIS5_E4typeE
FNF:3
FNH:3
DA:465,148
DA:467,148
DA:2359,104
DA:2361,104
LF:4
LH:4
end_of_record
